{
  "RSpec": {
    "coverage": {
      "/Users/sebastiandelima/Development/code/prework/tic-tac-toe-rb/lib/tic_tac_toe.rb": [
        1,
        null,
        1,
        null,
        null,
        null,
        null,
        null,
        null,
        null,
        null,
        null,
        1,
        4,
        2,
        2,
        2,
        null,
        null,
        null,
        1,
        68,
        2,
        66,
        0,
        66,
        1,
        65,
        0,
        65,
        2,
        63,
        3,
        60,
        3,
        57,
        5,
        null,
        null,
        null,
        1,
        40,
        34,
        null,
        6,
        null,
        null,
        null,
        1,
        29,
        4,
        25,
        2,
        null,
        null,
        null,
        1,
        20,
        6,
        14,
        3,
        11,
        1,
        null,
        10,
        null,
        null,
        null,
        1,
        4,
        3,
        null,
        null,
        null,
        1,
        0,
        0,
        0,
        0,
        null,
        null,
        null,
        1,
        23,
        23,
        23,
        23,
        23,
        null,
        null,
        1,
        22,
        22,
        22,
        null,
        null,
        1,
        22,
        1,
        21,
        19,
        null,
        null,
        null,
        1,
        3,
        null,
        null,
        null,
        null,
        1,
        25,
        25,
        225,
        41,
        null,
        null,
        25,
        null,
        null,
        1,
        19,
        14,
        5,
        5,
        null,
        null,
        null,
        1,
        19,
        19,
        19,
        19,
        18,
        18,
        null,
        1,
        null,
        null,
        null,
        null,
        1,
        12,
        16,
        16,
        2,
        null,
        16,
        0,
        null,
        null,
        null
      ]
    },
    "timestamp": 1571424230
  }
}
